[2025-05-13 19:55:38] local.ERROR: SQLSTATE[23000]: Integrity constraint violation: 1048 Column 'note' cannot be null (Connection: mysql, SQL: insert into `barangs` (`name`, `category`, `supplier`, `stock`, `price`, `note`, `updated_at`, `created_at`) values (Belajar basis data, Modul, Ahmad Farhan Islamy, 13, 90000, ?, 2025-05-13 19:55:38, 2025-05-13 19:55:38)) {"userId":2,"exception":"[object] (Illuminate\\Database\\QueryException(code: 23000): SQLSTATE[23000]: Integrity constraint violation: 1048 Column 'note' cannot be null (Connection: mysql, SQL: insert into `barangs` (`name`, `category`, `supplier`, `stock`, `price`, `note`, `updated_at`, `created_at`) values (Belajar basis data, Modul, Ahmad Farhan Islamy, 13, 90000, ?, 2025-05-13 19:55:38, 2025-05-13 19:55:38)) at C:\\Users\\zaida\\Downloads\\login-register-crud-laravel-10-main\\login-register-crud-laravel-10-main\\vendor\\laravel\\framework\\src\\Illuminate\\Database\\Connection.php:795)
[stacktrace]
#0 C:\\Users\\zaida\\Downloads\\login-register-crud-laravel-10-main\\login-register-crud-laravel-10-main\\vendor\\laravel\\framework\\src\\Illuminate\\Database\\Connection.php(755): Illuminate\\Database\\Connection->runQueryCallback('insert into `ba...', Array, Object(Closure))
#1 C:\\Users\\zaida\\Downloads\\login-register-crud-laravel-10-main\\login-register-crud-laravel-10-main\\vendor\\laravel\\framework\\src\\Illuminate\\Database\\Connection.php(569): Illuminate\\Database\\Connection->run('insert into `ba...', Array, Object(Closure))
#2 C:\\Users\\zaida\\Downloads\\login-register-crud-laravel-10-main\\login-register-crud-laravel-10-main\\vendor\\laravel\\framework\\src\\Illuminate\\Database\\Connection.php(533): Illuminate\\Database\\Connection->statement('insert into `ba...', Array)
#3 C:\\Users\\zaida\\Downloads\\login-register-crud-laravel-10-main\\login-register-crud-laravel-10-main\\vendor\\laravel\\framework\\src\\Illuminate\\Database\\Query\\Processors\\Processor.php(32): Illuminate\\Database\\Connection->insert('insert into `ba...', Array)
#4 C:\\Users\\zaida\\Downloads\\login-register-crud-laravel-10-main\\login-register-crud-laravel-10-main\\vendor\\laravel\\framework\\src\\Illuminate\\Database\\Query\\Builder.php(3383): Illuminate\\Database\\Query\\Processors\\Processor->processInsertGetId(Object(Illuminate\\Database\\Query\\Builder), 'insert into `ba...', Array, 'id_barang')
#5 C:\\Users\\zaida\\Downloads\\login-register-crud-laravel-10-main\\login-register-crud-laravel-10-main\\vendor\\laravel\\framework\\src\\Illuminate\\Database\\Eloquent\\Builder.php(1925): Illuminate\\Database\\Query\\Builder->insertGetId(Array, 'id_barang')
#6 C:\\Users\\zaida\\Downloads\\login-register-crud-laravel-10-main\\login-register-crud-laravel-10-main\\vendor\\laravel\\framework\\src\\Illuminate\\Database\\Eloquent\\Model.php(1333): Illuminate\\Database\\Eloquent\\Builder->__call('insertGetId', Array)
#7 C:\\Users\\zaida\\Downloads\\login-register-crud-laravel-10-main\\login-register-crud-laravel-10-main\\vendor\\laravel\\framework\\src\\Illuminate\\Database\\Eloquent\\Model.php(1298): Illuminate\\Database\\Eloquent\\Model->insertAndSetId(Object(Illuminate\\Database\\Eloquent\\Builder), Array)
#8 C:\\Users\\zaida\\Downloads\\login-register-crud-laravel-10-main\\login-register-crud-laravel-10-main\\vendor\\laravel\\framework\\src\\Illuminate\\Database\\Eloquent\\Model.php(1137): Illuminate\\Database\\Eloquent\\Model->performInsert(Object(Illuminate\\Database\\Eloquent\\Builder))
#9 C:\\Users\\zaida\\Downloads\\login-register-crud-laravel-10-main\\login-register-crud-laravel-10-main\\vendor\\laravel\\framework\\src\\Illuminate\\Database\\Eloquent\\Builder.php(1006): Illuminate\\Database\\Eloquent\\Model->save()
#10 C:\\Users\\zaida\\Downloads\\login-register-crud-laravel-10-main\\login-register-crud-laravel-10-main\\vendor\\laravel\\framework\\src\\Illuminate\\Support\\helpers.php(307): Illuminate\\Database\\Eloquent\\Builder->Illuminate\\Database\\Eloquent\\{closure}(Object(App\\Models\\Barang))
#11 C:\\Users\\zaida\\Downloads\\login-register-crud-laravel-10-main\\login-register-crud-laravel-10-main\\vendor\\laravel\\framework\\src\\Illuminate\\Database\\Eloquent\\Builder.php(1005): tap(Object(App\\Models\\Barang), Object(Closure))
#12 C:\\Users\\zaida\\Downloads\\login-register-crud-laravel-10-main\\login-register-crud-laravel-10-main\\vendor\\laravel\\framework\\src\\Illuminate\\Support\\Traits\\ForwardsCalls.php(23): Illuminate\\Database\\Eloquent\\Builder->create(Array)
#13 C:\\Users\\zaida\\Downloads\\login-register-crud-laravel-10-main\\login-register-crud-laravel-10-main\\vendor\\laravel\\framework\\src\\Illuminate\\Database\\Eloquent\\Model.php(2333): Illuminate\\Database\\Eloquent\\Model->forwardCallTo(Object(Illuminate\\Database\\Eloquent\\Builder), 'create', Array)
#14 C:\\Users\\zaida\\Downloads\\login-register-crud-laravel-10-main\\login-register-crud-laravel-10-main\\vendor\\laravel\\framework\\src\\Illuminate\\Database\\Eloquent\\Model.php(2345): Illuminate\\Database\\Eloquent\\Model->__call('create', Array)
#15 C:\\Users\\zaida\\Downloads\\login-register-crud-laravel-10-main\\login-register-crud-laravel-10-main\\app\\Http\\Controllers\\BarangController.php(57): Illuminate\\Database\\Eloquent\\Model::__callStatic('create', Array)
#16 C:\\Users\\zaida\\Downloads\\login-register-crud-laravel-10-main\\login-register-crud-laravel-10-main\\vendor\\laravel\\framework\\src\\Illuminate\\Routing\\Controller.php(54): App\\Http\\Controllers\\BarangController->store(Object(Illuminate\\Http\\Request))
#17 C:\\Users\\zaida\\Downloads\\login-register-crud-laravel-10-main\\login-register-crud-laravel-10-main\\vendor\\laravel\\framework\\src\\Illuminate\\Routing\\ControllerDispatcher.php(43): Illuminate\\Routing\\Controller->callAction('store', Array)
#18 C:\\Users\\zaida\\Downloads\\login-register-crud-laravel-10-main\\login-register-crud-laravel-10-main\\vendor\\laravel\\framework\\src\\Illuminate\\Routing\\Route.php(259): Illuminate\\Routing\\ControllerDispatcher->dispatch(Object(Illuminate\\Routing\\Route), Object(App\\Http\\Controllers\\BarangController), 'store')
#19 C:\\Users\\zaida\\Downloads\\login-register-crud-laravel-10-main\\login-register-crud-laravel-10-main\\vendor\\laravel\\framework\\src\\Illuminate\\Routing\\Route.php(205): Illuminate\\Routing\\Route->runController()
#20 C:\\Users\\zaida\\Downloads\\login-register-crud-laravel-10-main\\login-register-crud-laravel-10-main\\vendor\\laravel\\framework\\src\\Illuminate\\Routing\\Router.php(799): Illuminate\\Routing\\Route->run()
#21 C:\\Users\\zaida\\Downloads\\login-register-crud-laravel-10-main\\login-register-crud-laravel-10-main\\vendor\\laravel\\framework\\src\\Illuminate\\Pipeline\\Pipeline.php(141): Illuminate\\Routing\\Router->Illuminate\\Routing\\{closure}(Object(Illuminate\\Http\\Request))
#22 C:\\Users\\zaida\\Downloads\\login-register-crud-laravel-10-main\\login-register-crud-laravel-10-main\\vendor\\laravel\\framework\\src\\Illuminate\\Routing\\Middleware\\SubstituteBindings.php(50): Illuminate\\Pipeline\\Pipeline->Illuminate\\Pipeline\\{closure}(Object(Illuminate\\Http\\Request))
#23 C:\\Users\\zaida\\Downloads\\login-register-crud-laravel-10-main\\login-register-crud-laravel-10-main\\vendor\\laravel\\framework\\src\\Illuminate\\Pipeline\\Pipeline.php(180): Illuminate\\Routing\\Middleware\\SubstituteBindings->handle(Object(Illuminate\\Http\\Request), Object(Closure))
#24 C:\\Users\\zaida\\Downloads\\login-register-crud-laravel-10-main\\login-register-crud-laravel-10-main\\vendor\\laravel\\framework\\src\\Illuminate\\Auth\\Middleware\\Authenticate.php(57): Illuminate\\Pipeline\\Pipeline->Illuminate\\Pipeline\\{closure}(Object(Illuminate\\Http\\Request))
#25 C:\\Users\\zaida\\Downloads\\login-register-crud-laravel-10-main\\login-register-crud-laravel-10-main\\vendor\\laravel\\framework\\src\\Illuminate\\Pipeline\\Pipeline.php(180): Illuminate\\Auth\\Middleware\\Authenticate->handle(Object(Illuminate\\Http\\Request), Object(Closure))
#26 C:\\Users\\zaida\\Downloads\\login-register-crud-laravel-10-main\\login-register-crud-laravel-10-main\\vendor\\laravel\\framework\\src\\Illuminate\\Foundation\\Http\\Middleware\\VerifyCsrfToken.php(78): Illuminate\\Pipeline\\Pipeline->Illuminate\\Pipeline\\{closure}(Object(Illuminate\\Http\\Request))
#27 C:\\Users\\zaida\\Downloads\\login-register-crud-laravel-10-main\\login-register-crud-laravel-10-main\\vendor\\laravel\\framework\\src\\Illuminate\\Pipeline\\Pipeline.php(180): Illuminate\\Foundation\\Http\\Middleware\\VerifyCsrfToken->handle(Object(Illuminate\\Http\\Request), Object(Closure))
#28 C:\\Users\\zaida\\Downloads\\login-register-crud-laravel-10-main\\login-register-crud-laravel-10-main\\vendor\\laravel\\framework\\src\\Illuminate\\View\\Middleware\\ShareErrorsFromSession.php(49): Illuminate\\Pipeline\\Pipeline->Illuminate\\Pipeline\\{closure}(Object(Illuminate\\Http\\Request))
#29 C:\\Users\\zaida\\Downloads\\login-register-crud-laravel-10-main\\login-register-crud-laravel-10-main\\vendor\\laravel\\framework\\src\\Illuminate\\Pipeline\\Pipeline.php(180): Illuminate\\View\\Middleware\\ShareErrorsFromSession->handle(Object(Illuminate\\Http\\Request), Object(Closure))
#30 C:\\Users\\zaida\\Downloads\\login-register-crud-laravel-10-main\\login-register-crud-laravel-10-main\\vendor\\laravel\\framework\\src\\Illuminate\\Session\\Middleware\\StartSession.php(121): Illuminate\\Pipeline\\Pipeline->Illuminate\\Pipeline\\{closure}(Object(Illuminate\\Http\\Request))
#31 C:\\Users\\zaida\\Downloads\\login-register-crud-laravel-10-main\\login-register-crud-laravel-10-main\\vendor\\laravel\\framework\\src\\Illuminate\\Session\\Middleware\\StartSession.php(64): Illuminate\\Session\\Middleware\\StartSession->handleStatefulRequest(Object(Illuminate\\Http\\Request), Object(Illuminate\\Session\\Store), Object(Closure))
#32 C:\\Users\\zaida\\Downloads\\login-register-crud-laravel-10-main\\login-register-crud-laravel-10-main\\vendor\\laravel\\framework\\src\\Illuminate\\Pipeline\\Pipeline.php(180): Illuminate\\Session\\Middleware\\StartSession->handle(Object(Illuminate\\Http\\Request), Object(Closure))
#33 C:\\Users\\zaida\\Downloads\\login-register-crud-laravel-10-main\\login-register-crud-laravel-10-main\\vendor\\laravel\\framework\\src\\Illuminate\\Cookie\\Middleware\\AddQueuedCookiesToResponse.php(37): Illuminate\\Pipeline\\Pipeline->Illuminate\\Pipeline\\{closure}(Object(Illuminate\\Http\\Request))
#34 C:\\Users\\zaida\\Downloads\\login-register-crud-laravel-10-main\\login-register-crud-laravel-10-main\\vendor\\laravel\\framework\\src\\Illuminate\\Pipeline\\Pipeline.php(180): Illuminate\\Cookie\\Middleware\\AddQueuedCookiesToResponse->handle(Object(Illuminate\\Http\\Request), Object(Closure))
#35 C:\\Users\\zaida\\Downloads\\login-register-crud-laravel-10-main\\login-register-crud-laravel-10-main\\vendor\\laravel\\framework\\src\\Illuminate\\Cookie\\Middleware\\EncryptCookies.php(67): Illuminate\\Pipeline\\Pipeline->Illuminate\\Pipeline\\{closure}(Object(Illuminate\\Http\\Request))
#36 C:\\Users\\zaida\\Downloads\\login-register-crud-laravel-10-main\\login-register-crud-laravel-10-main\\vendor\\laravel\\framework\\src\\Illuminate\\Pipeline\\Pipeline.php(180): Illuminate\\Cookie\\Middleware\\EncryptCookies->handle(Object(Illuminate\\Http\\Request), Object(Closure))
#37 C:\\Users\\zaida\\Downloads\\login-register-crud-laravel-10-main\\login-register-crud-laravel-10-main\\vendor\\laravel\\framework\\src\\Illuminate\\Pipeline\\Pipeline.php(116): Illuminate\\Pipeline\\Pipeline->Illuminate\\Pipeline\\{closure}(Object(Illuminate\\Http\\Request))
#38 C:\\Users\\zaida\\Downloads\\login-register-crud-laravel-10-main\\login-register-crud-laravel-10-main\\vendor\\laravel\\framework\\src\\Illuminate\\Routing\\Router.php(798): Illuminate\\Pipeline\\Pipeline->then(Object(Closure))
#39 C:\\Users\\zaida\\Downloads\\login-register-crud-laravel-10-main\\login-register-crud-laravel-10-main\\vendor\\laravel\\framework\\src\\Illuminate\\Routing\\Router.php(777): Illuminate\\Routing\\Router->runRouteWithinStack(Object(Illuminate\\Routing\\Route), Object(Illuminate\\Http\\Request))
#40 C:\\Users\\zaida\\Downloads\\login-register-crud-laravel-10-main\\login-register-crud-laravel-10-main\\vendor\\laravel\\framework\\src\\Illuminate\\Routing\\Router.php(741): Illuminate\\Routing\\Router->runRoute(Object(Illuminate\\Http\\Request), Object(Illuminate\\Routing\\Route))
#41 C:\\Users\\zaida\\Downloads\\login-register-crud-laravel-10-main\\login-register-crud-laravel-10-main\\vendor\\laravel\\framework\\src\\Illuminate\\Routing\\Router.php(730): Illuminate\\Routing\\Router->dispatchToRoute(Object(Illuminate\\Http\\Request))
#42 C:\\Users\\zaida\\Downloads\\login-register-crud-laravel-10-main\\login-register-crud-laravel-10-main\\vendor\\laravel\\framework\\src\\Illuminate\\Foundation\\Http\\Kernel.php(200): Illuminate\\Routing\\Router->dispatch(Object(Illuminate\\Http\\Request))
#43 C:\\Users\\zaida\\Downloads\\login-register-crud-laravel-10-main\\login-register-crud-laravel-10-main\\vendor\\laravel\\framework\\src\\Illuminate\\Pipeline\\Pipeline.php(141): Illuminate\\Foundation\\Http\\Kernel->Illuminate\\Foundation\\Http\\{closure}(Object(Illuminate\\Http\\Request))
#44 C:\\Users\\zaida\\Downloads\\login-register-crud-laravel-10-main\\login-register-crud-laravel-10-main\\vendor\\laravel\\framework\\src\\Illuminate\\Foundation\\Http\\Middleware\\TransformsRequest.php(21): Illuminate\\Pipeline\\Pipeline->Illuminate\\Pipeline\\{closure}(Object(Illuminate\\Http\\Request))
#45 C:\\Users\\zaida\\Downloads\\login-register-crud-laravel-10-main\\login-register-crud-laravel-10-main\\vendor\\laravel\\framework\\src\\Illuminate\\Foundation\\Http\\Middleware\\ConvertEmptyStringsToNull.php(31): Illuminate\\Foundation\\Http\\Middleware\\TransformsRequest->handle(Object(Illuminate\\Http\\Request), Object(Closure))
#46 C:\\Users\\zaida\\Downloads\\login-register-crud-laravel-10-main\\login-register-crud-laravel-10-main\\vendor\\laravel\\framework\\src\\Illuminate\\Pipeline\\Pipeline.php(180): Illuminate\\Foundation\\Http\\Middleware\\ConvertEmptyStringsToNull->handle(Object(Illuminate\\Http\\Request), Object(Closure))
#47 C:\\Users\\zaida\\Downloads\\login-register-crud-laravel-10-main\\login-register-crud-laravel-10-main\\vendor\\laravel\\framework\\src\\Illuminate\\Foundation\\Http\\Middleware\\TransformsRequest.php(21): Illuminate\\Pipeline\\Pipeline->Illuminate\\Pipeline\\{closure}(Object(Illuminate\\Http\\Request))
#48 C:\\Users\\zaida\\Downloads\\login-register-crud-laravel-10-main\\login-register-crud-laravel-10-main\\vendor\\laravel\\framework\\src\\Illuminate\\Foundation\\Http\\Middleware\\TrimStrings.php(40): Illuminate\\Foundation\\Http\\Middleware\\TransformsRequest->handle(Object(Illuminate\\Http\\Request), Object(Closure))
#49 C:\\Users\\zaida\\Downloads\\login-register-crud-laravel-10-main\\login-register-crud-laravel-10-main\\vendor\\laravel\\framework\\src\\Illuminate\\Pipeline\\Pipeline.php(180): Illuminate\\Foundation\\Http\\Middleware\\TrimStrings->handle(Object(Illuminate\\Http\\Request), Object(Closure))
#50 C:\\Users\\zaida\\Downloads\\login-register-crud-laravel-10-main\\login-register-crud-laravel-10-main\\vendor\\laravel\\framework\\src\\Illuminate\\Foundation\\Http\\Middleware\\ValidatePostSize.php(27): Illuminate\\Pipeline\\Pipeline->Illuminate\\Pipeline\\{closure}(Object(Illuminate\\Http\\Request))
#51 C:\\Users\\zaida\\Downloads\\login-register-crud-laravel-10-main\\login-register-crud-laravel-10-main\\vendor\\laravel\\framework\\src\\Illuminate\\Pipeline\\Pipeline.php(180): Illuminate\\Foundation\\Http\\Middleware\\ValidatePostSize->handle(Object(Illuminate\\Http\\Request), Object(Closure))
#52 C:\\Users\\zaida\\Downloads\\login-register-crud-laravel-10-main\\login-register-crud-laravel-10-main\\vendor\\laravel\\framework\\src\\Illuminate\\Foundation\\Http\\Middleware\\PreventRequestsDuringMaintenance.php(86): Illuminate\\Pipeline\\Pipeline->Illuminate\\Pipeline\\{closure}(Object(Illuminate\\Http\\Request))
#53 C:\\Users\\zaida\\Downloads\\login-register-crud-laravel-10-main\\login-register-crud-laravel-10-main\\vendor\\laravel\\framework\\src\\Illuminate\\Pipeline\\Pipeline.php(180): Illuminate\\Foundation\\Http\\Middleware\\PreventRequestsDuringMaintenance->handle(Object(Illuminate\\Http\\Request), Object(Closure))
#54 C:\\Users\\zaida\\Downloads\\login-register-crud-laravel-10-main\\login-register-crud-laravel-10-main\\vendor\\laravel\\framework\\src\\Illuminate\\Http\\Middleware\\HandleCors.php(49): Illuminate\\Pipeline\\Pipeline->Illuminate\\Pipeline\\{closure}(Object(Illuminate\\Http\\Request))
#55 C:\\Users\\zaida\\Downloads\\login-register-crud-laravel-10-main\\login-register-crud-laravel-10-main\\vendor\\laravel\\framework\\src\\Illuminate\\Pipeline\\Pipeline.php(180): Illuminate\\Http\\Middleware\\HandleCors->handle(Object(Illuminate\\Http\\Request), Object(Closure))
#56 C:\\Users\\zaida\\Downloads\\login-register-crud-laravel-10-main\\login-register-crud-laravel-10-main\\vendor\\laravel\\framework\\src\\Illuminate\\Http\\Middleware\\TrustProxies.php(39): Illuminate\\Pipeline\\Pipeline->Illuminate\\Pipeline\\{closure}(Object(Illuminate\\Http\\Request))
#57 C:\\Users\\zaida\\Downloads\\login-register-crud-laravel-10-main\\login-register-crud-laravel-10-main\\vendor\\laravel\\framework\\src\\Illuminate\\Pipeline\\Pipeline.php(180): Illuminate\\Http\\Middleware\\TrustProxies->handle(Object(Illuminate\\Http\\Request), Object(Closure))
#58 C:\\Users\\zaida\\Downloads\\login-register-crud-laravel-10-main\\login-register-crud-laravel-10-main\\vendor\\laravel\\framework\\src\\Illuminate\\Pipeline\\Pipeline.php(116): Illuminate\\Pipeline\\Pipeline->Illuminate\\Pipeline\\{closure}(Object(Illuminate\\Http\\Request))
#59 C:\\Users\\zaida\\Downloads\\login-register-crud-laravel-10-main\\login-register-crud-laravel-10-main\\vendor\\laravel\\framework\\src\\Illuminate\\Foundation\\Http\\Kernel.php(175): Illuminate\\Pipeline\\Pipeline->then(Object(Closure))
#60 C:\\Users\\zaida\\Downloads\\login-register-crud-laravel-10-main\\login-register-crud-laravel-10-main\\vendor\\laravel\\framework\\src\\Illuminate\\Foundation\\Http\\Kernel.php(144): Illuminate\\Foundation\\Http\\Kernel->sendRequestThroughRouter(Object(Illuminate\\Http\\Request))
#61 C:\\Users\\zaida\\Downloads\\login-register-crud-laravel-10-main\\login-register-crud-laravel-10-main\\public\\index.php(51): Illuminate\\Foundation\\Http\\Kernel->handle(Object(Illuminate\\Http\\Request))
#62 C:\\Users\\zaida\\Downloads\\login-register-crud-laravel-10-main\\login-register-crud-laravel-10-main\\vendor\\laravel\\framework\\src\\Illuminate\\Foundation\\resources\\server.php(16): require_once('C:\\\\Users\\\\zaida\\\\...')
#63 {main}

[previous exception] [object] (PDOException(code: 23000): SQLSTATE[23000]: Integrity constraint violation: 1048 Column 'note' cannot be null at C:\\Users\\zaida\\Downloads\\login-register-crud-laravel-10-main\\login-register-crud-laravel-10-main\\vendor\\laravel\\framework\\src\\Illuminate\\Database\\Connection.php:580)
[stacktrace]
#0 C:\\Users\\zaida\\Downloads\\login-register-crud-laravel-10-main\\login-register-crud-laravel-10-main\\vendor\\laravel\\framework\\src\\Illuminate\\Database\\Connection.php(580): PDOStatement->execute()
#1 C:\\Users\\zaida\\Downloads\\login-register-crud-laravel-10-main\\login-register-crud-laravel-10-main\\vendor\\laravel\\framework\\src\\Illuminate\\Database\\Connection.php(788): Illuminate\\Database\\Connection->Illuminate\\Database\\{closure}('insert into `ba...', Array)
#2 C:\\Users\\zaida\\Downloads\\login-register-crud-laravel-10-main\\login-register-crud-laravel-10-main\\vendor\\laravel\\framework\\src\\Illuminate\\Database\\Connection.php(755): Illuminate\\Database\\Connection->runQueryCallback('insert into `ba...', Array, Object(Closure))
#3 C:\\Users\\zaida\\Downloads\\login-register-crud-laravel-10-main\\login-register-crud-laravel-10-main\\vendor\\laravel\\framework\\src\\Illuminate\\Database\\Connection.php(569): Illuminate\\Database\\Connection->run('insert into `ba...', Array, Object(Closure))
#4 C:\\Users\\zaida\\Downloads\\login-register-crud-laravel-10-main\\login-register-crud-laravel-10-main\\vendor\\laravel\\framework\\src\\Illuminate\\Database\\Connection.php(533): Illuminate\\Database\\Connection->statement('insert into `ba...', Array)
#5 C:\\Users\\zaida\\Downloads\\login-register-crud-laravel-10-main\\login-register-crud-laravel-10-main\\vendor\\laravel\\framework\\src\\Illuminate\\Database\\Query\\Processors\\Processor.php(32): Illuminate\\Database\\Connection->insert('insert into `ba...', Array)
#6 C:\\Users\\zaida\\Downloads\\login-register-crud-laravel-10-main\\login-register-crud-laravel-10-main\\vendor\\laravel\\framework\\src\\Illuminate\\Database\\Query\\Builder.php(3383): Illuminate\\Database\\Query\\Processors\\Processor->processInsertGetId(Object(Illuminate\\Database\\Query\\Builder), 'insert into `ba...', Array, 'id_barang')
#7 C:\\Users\\zaida\\Downloads\\login-register-crud-laravel-10-main\\login-register-crud-laravel-10-main\\vendor\\laravel\\framework\\src\\Illuminate\\Database\\Eloquent\\Builder.php(1925): Illuminate\\Database\\Query\\Builder->insertGetId(Array, 'id_barang')
#8 C:\\Users\\zaida\\Downloads\\login-register-crud-laravel-10-main\\login-register-crud-laravel-10-main\\vendor\\laravel\\framework\\src\\Illuminate\\Database\\Eloquent\\Model.php(1333): Illuminate\\Database\\Eloquent\\Builder->__call('insertGetId', Array)
#9 C:\\Users\\zaida\\Downloads\\login-register-crud-laravel-10-main\\login-register-crud-laravel-10-main\\vendor\\laravel\\framework\\src\\Illuminate\\Database\\Eloquent\\Model.php(1298): Illuminate\\Database\\Eloquent\\Model->insertAndSetId(Object(Illuminate\\Database\\Eloquent\\Builder), Array)
#10 C:\\Users\\zaida\\Downloads\\login-register-crud-laravel-10-main\\login-register-crud-laravel-10-main\\vendor\\laravel\\framework\\src\\Illuminate\\Database\\Eloquent\\Model.php(1137): Illuminate\\Database\\Eloquent\\Model->performInsert(Object(Illuminate\\Database\\Eloquent\\Builder))
#11 C:\\Users\\zaida\\Downloads\\login-register-crud-laravel-10-main\\login-register-crud-laravel-10-main\\vendor\\laravel\\framework\\src\\Illuminate\\Database\\Eloquent\\Builder.php(1006): Illuminate\\Database\\Eloquent\\Model->save()
#12 C:\\Users\\zaida\\Downloads\\login-register-crud-laravel-10-main\\login-register-crud-laravel-10-main\\vendor\\laravel\\framework\\src\\Illuminate\\Support\\helpers.php(307): Illuminate\\Database\\Eloquent\\Builder->Illuminate\\Database\\Eloquent\\{closure}(Object(App\\Models\\Barang))
#13 C:\\Users\\zaida\\Downloads\\login-register-crud-laravel-10-main\\login-register-crud-laravel-10-main\\vendor\\laravel\\framework\\src\\Illuminate\\Database\\Eloquent\\Builder.php(1005): tap(Object(App\\Models\\Barang), Object(Closure))
#14 C:\\Users\\zaida\\Downloads\\login-register-crud-laravel-10-main\\login-register-crud-laravel-10-main\\vendor\\laravel\\framework\\src\\Illuminate\\Support\\Traits\\ForwardsCalls.php(23): Illuminate\\Database\\Eloquent\\Builder->create(Array)
#15 C:\\Users\\zaida\\Downloads\\login-register-crud-laravel-10-main\\login-register-crud-laravel-10-main\\vendor\\laravel\\framework\\src\\Illuminate\\Database\\Eloquent\\Model.php(2333): Illuminate\\Database\\Eloquent\\Model->forwardCallTo(Object(Illuminate\\Database\\Eloquent\\Builder), 'create', Array)
#16 C:\\Users\\zaida\\Downloads\\login-register-crud-laravel-10-main\\login-register-crud-laravel-10-main\\vendor\\laravel\\framework\\src\\Illuminate\\Database\\Eloquent\\Model.php(2345): Illuminate\\Database\\Eloquent\\Model->__call('create', Array)
#17 C:\\Users\\zaida\\Downloads\\login-register-crud-laravel-10-main\\login-register-crud-laravel-10-main\\app\\Http\\Controllers\\BarangController.php(57): Illuminate\\Database\\Eloquent\\Model::__callStatic('create', Array)
#18 C:\\Users\\zaida\\Downloads\\login-register-crud-laravel-10-main\\login-register-crud-laravel-10-main\\vendor\\laravel\\framework\\src\\Illuminate\\Routing\\Controller.php(54): App\\Http\\Controllers\\BarangController->store(Object(Illuminate\\Http\\Request))
#19 C:\\Users\\zaida\\Downloads\\login-register-crud-laravel-10-main\\login-register-crud-laravel-10-main\\vendor\\laravel\\framework\\src\\Illuminate\\Routing\\ControllerDispatcher.php(43): Illuminate\\Routing\\Controller->callAction('store', Array)
#20 C:\\Users\\zaida\\Downloads\\login-register-crud-laravel-10-main\\login-register-crud-laravel-10-main\\vendor\\laravel\\framework\\src\\Illuminate\\Routing\\Route.php(259): Illuminate\\Routing\\ControllerDispatcher->dispatch(Object(Illuminate\\Routing\\Route), Object(App\\Http\\Controllers\\BarangController), 'store')
#21 C:\\Users\\zaida\\Downloads\\login-register-crud-laravel-10-main\\login-register-crud-laravel-10-main\\vendor\\laravel\\framework\\src\\Illuminate\\Routing\\Route.php(205): Illuminate\\Routing\\Route->runController()
#22 C:\\Users\\zaida\\Downloads\\login-register-crud-laravel-10-main\\login-register-crud-laravel-10-main\\vendor\\laravel\\framework\\src\\Illuminate\\Routing\\Router.php(799): Illuminate\\Routing\\Route->run()
#23 C:\\Users\\zaida\\Downloads\\login-register-crud-laravel-10-main\\login-register-crud-laravel-10-main\\vendor\\laravel\\framework\\src\\Illuminate\\Pipeline\\Pipeline.php(141): Illuminate\\Routing\\Router->Illuminate\\Routing\\{closure}(Object(Illuminate\\Http\\Request))
#24 C:\\Users\\zaida\\Downloads\\login-register-crud-laravel-10-main\\login-register-crud-laravel-10-main\\vendor\\laravel\\framework\\src\\Illuminate\\Routing\\Middleware\\SubstituteBindings.php(50): Illuminate\\Pipeline\\Pipeline->Illuminate\\Pipeline\\{closure}(Object(Illuminate\\Http\\Request))
#25 C:\\Users\\zaida\\Downloads\\login-register-crud-laravel-10-main\\login-register-crud-laravel-10-main\\vendor\\laravel\\framework\\src\\Illuminate\\Pipeline\\Pipeline.php(180): Illuminate\\Routing\\Middleware\\SubstituteBindings->handle(Object(Illuminate\\Http\\Request), Object(Closure))
#26 C:\\Users\\zaida\\Downloads\\login-register-crud-laravel-10-main\\login-register-crud-laravel-10-main\\vendor\\laravel\\framework\\src\\Illuminate\\Auth\\Middleware\\Authenticate.php(57): Illuminate\\Pipeline\\Pipeline->Illuminate\\Pipeline\\{closure}(Object(Illuminate\\Http\\Request))
#27 C:\\Users\\zaida\\Downloads\\login-register-crud-laravel-10-main\\login-register-crud-laravel-10-main\\vendor\\laravel\\framework\\src\\Illuminate\\Pipeline\\Pipeline.php(180): Illuminate\\Auth\\Middleware\\Authenticate->handle(Object(Illuminate\\Http\\Request), Object(Closure))
#28 C:\\Users\\zaida\\Downloads\\login-register-crud-laravel-10-main\\login-register-crud-laravel-10-main\\vendor\\laravel\\framework\\src\\Illuminate\\Foundation\\Http\\Middleware\\VerifyCsrfToken.php(78): Illuminate\\Pipeline\\Pipeline->Illuminate\\Pipeline\\{closure}(Object(Illuminate\\Http\\Request))
#29 C:\\Users\\zaida\\Downloads\\login-register-crud-laravel-10-main\\login-register-crud-laravel-10-main\\vendor\\laravel\\framework\\src\\Illuminate\\Pipeline\\Pipeline.php(180): Illuminate\\Foundation\\Http\\Middleware\\VerifyCsrfToken->handle(Object(Illuminate\\Http\\Request), Object(Closure))
#30 C:\\Users\\zaida\\Downloads\\login-register-crud-laravel-10-main\\login-register-crud-laravel-10-main\\vendor\\laravel\\framework\\src\\Illuminate\\View\\Middleware\\ShareErrorsFromSession.php(49): Illuminate\\Pipeline\\Pipeline->Illuminate\\Pipeline\\{closure}(Object(Illuminate\\Http\\Request))
#31 C:\\Users\\zaida\\Downloads\\login-register-crud-laravel-10-main\\login-register-crud-laravel-10-main\\vendor\\laravel\\framework\\src\\Illuminate\\Pipeline\\Pipeline.php(180): Illuminate\\View\\Middleware\\ShareErrorsFromSession->handle(Object(Illuminate\\Http\\Request), Object(Closure))
#32 C:\\Users\\zaida\\Downloads\\login-register-crud-laravel-10-main\\login-register-crud-laravel-10-main\\vendor\\laravel\\framework\\src\\Illuminate\\Session\\Middleware\\StartSession.php(121): Illuminate\\Pipeline\\Pipeline->Illuminate\\Pipeline\\{closure}(Object(Illuminate\\Http\\Request))
#33 C:\\Users\\zaida\\Downloads\\login-register-crud-laravel-10-main\\login-register-crud-laravel-10-main\\vendor\\laravel\\framework\\src\\Illuminate\\Session\\Middleware\\StartSession.php(64): Illuminate\\Session\\Middleware\\StartSession->handleStatefulRequest(Object(Illuminate\\Http\\Request), Object(Illuminate\\Session\\Store), Object(Closure))
#34 C:\\Users\\zaida\\Downloads\\login-register-crud-laravel-10-main\\login-register-crud-laravel-10-main\\vendor\\laravel\\framework\\src\\Illuminate\\Pipeline\\Pipeline.php(180): Illuminate\\Session\\Middleware\\StartSession->handle(Object(Illuminate\\Http\\Request), Object(Closure))
#35 C:\\Users\\zaida\\Downloads\\login-register-crud-laravel-10-main\\login-register-crud-laravel-10-main\\vendor\\laravel\\framework\\src\\Illuminate\\Cookie\\Middleware\\AddQueuedCookiesToResponse.php(37): Illuminate\\Pipeline\\Pipeline->Illuminate\\Pipeline\\{closure}(Object(Illuminate\\Http\\Request))
#36 C:\\Users\\zaida\\Downloads\\login-register-crud-laravel-10-main\\login-register-crud-laravel-10-main\\vendor\\laravel\\framework\\src\\Illuminate\\Pipeline\\Pipeline.php(180): Illuminate\\Cookie\\Middleware\\AddQueuedCookiesToResponse->handle(Object(Illuminate\\Http\\Request), Object(Closure))
#37 C:\\Users\\zaida\\Downloads\\login-register-crud-laravel-10-main\\login-register-crud-laravel-10-main\\vendor\\laravel\\framework\\src\\Illuminate\\Cookie\\Middleware\\EncryptCookies.php(67): Illuminate\\Pipeline\\Pipeline->Illuminate\\Pipeline\\{closure}(Object(Illuminate\\Http\\Request))
#38 C:\\Users\\zaida\\Downloads\\login-register-crud-laravel-10-main\\login-register-crud-laravel-10-main\\vendor\\laravel\\framework\\src\\Illuminate\\Pipeline\\Pipeline.php(180): Illuminate\\Cookie\\Middleware\\EncryptCookies->handle(Object(Illuminate\\Http\\Request), Object(Closure))
#39 C:\\Users\\zaida\\Downloads\\login-register-crud-laravel-10-main\\login-register-crud-laravel-10-main\\vendor\\laravel\\framework\\src\\Illuminate\\Pipeline\\Pipeline.php(116): Illuminate\\Pipeline\\Pipeline->Illuminate\\Pipeline\\{closure}(Object(Illuminate\\Http\\Request))
#40 C:\\Users\\zaida\\Downloads\\login-register-crud-laravel-10-main\\login-register-crud-laravel-10-main\\vendor\\laravel\\framework\\src\\Illuminate\\Routing\\Router.php(798): Illuminate\\Pipeline\\Pipeline->then(Object(Closure))
#41 C:\\Users\\zaida\\Downloads\\login-register-crud-laravel-10-main\\login-register-crud-laravel-10-main\\vendor\\laravel\\framework\\src\\Illuminate\\Routing\\Router.php(777): Illuminate\\Routing\\Router->runRouteWithinStack(Object(Illuminate\\Routing\\Route), Object(Illuminate\\Http\\Request))
#42 C:\\Users\\zaida\\Downloads\\login-register-crud-laravel-10-main\\login-register-crud-laravel-10-main\\vendor\\laravel\\framework\\src\\Illuminate\\Routing\\Router.php(741): Illuminate\\Routing\\Router->runRoute(Object(Illuminate\\Http\\Request), Object(Illuminate\\Routing\\Route))
#43 C:\\Users\\zaida\\Downloads\\login-register-crud-laravel-10-main\\login-register-crud-laravel-10-main\\vendor\\laravel\\framework\\src\\Illuminate\\Routing\\Router.php(730): Illuminate\\Routing\\Router->dispatchToRoute(Object(Illuminate\\Http\\Request))
#44 C:\\Users\\zaida\\Downloads\\login-register-crud-laravel-10-main\\login-register-crud-laravel-10-main\\vendor\\laravel\\framework\\src\\Illuminate\\Foundation\\Http\\Kernel.php(200): Illuminate\\Routing\\Router->dispatch(Object(Illuminate\\Http\\Request))
#45 C:\\Users\\zaida\\Downloads\\login-register-crud-laravel-10-main\\login-register-crud-laravel-10-main\\vendor\\laravel\\framework\\src\\Illuminate\\Pipeline\\Pipeline.php(141): Illuminate\\Foundation\\Http\\Kernel->Illuminate\\Foundation\\Http\\{closure}(Object(Illuminate\\Http\\Request))
#46 C:\\Users\\zaida\\Downloads\\login-register-crud-laravel-10-main\\login-register-crud-laravel-10-main\\vendor\\laravel\\framework\\src\\Illuminate\\Foundation\\Http\\Middleware\\TransformsRequest.php(21): Illuminate\\Pipeline\\Pipeline->Illuminate\\Pipeline\\{closure}(Object(Illuminate\\Http\\Request))
#47 C:\\Users\\zaida\\Downloads\\login-register-crud-laravel-10-main\\login-register-crud-laravel-10-main\\vendor\\laravel\\framework\\src\\Illuminate\\Foundation\\Http\\Middleware\\ConvertEmptyStringsToNull.php(31): Illuminate\\Foundation\\Http\\Middleware\\TransformsRequest->handle(Object(Illuminate\\Http\\Request), Object(Closure))
#48 C:\\Users\\zaida\\Downloads\\login-register-crud-laravel-10-main\\login-register-crud-laravel-10-main\\vendor\\laravel\\framework\\src\\Illuminate\\Pipeline\\Pipeline.php(180): Illuminate\\Foundation\\Http\\Middleware\\ConvertEmptyStringsToNull->handle(Object(Illuminate\\Http\\Request), Object(Closure))
#49 C:\\Users\\zaida\\Downloads\\login-register-crud-laravel-10-main\\login-register-crud-laravel-10-main\\vendor\\laravel\\framework\\src\\Illuminate\\Foundation\\Http\\Middleware\\TransformsRequest.php(21): Illuminate\\Pipeline\\Pipeline->Illuminate\\Pipeline\\{closure}(Object(Illuminate\\Http\\Request))
#50 C:\\Users\\zaida\\Downloads\\login-register-crud-laravel-10-main\\login-register-crud-laravel-10-main\\vendor\\laravel\\framework\\src\\Illuminate\\Foundation\\Http\\Middleware\\TrimStrings.php(40): Illuminate\\Foundation\\Http\\Middleware\\TransformsRequest->handle(Object(Illuminate\\Http\\Request), Object(Closure))
#51 C:\\Users\\zaida\\Downloads\\login-register-crud-laravel-10-main\\login-register-crud-laravel-10-main\\vendor\\laravel\\framework\\src\\Illuminate\\Pipeline\\Pipeline.php(180): Illuminate\\Foundation\\Http\\Middleware\\TrimStrings->handle(Object(Illuminate\\Http\\Request), Object(Closure))
#52 C:\\Users\\zaida\\Downloads\\login-register-crud-laravel-10-main\\login-register-crud-laravel-10-main\\vendor\\laravel\\framework\\src\\Illuminate\\Foundation\\Http\\Middleware\\ValidatePostSize.php(27): Illuminate\\Pipeline\\Pipeline->Illuminate\\Pipeline\\{closure}(Object(Illuminate\\Http\\Request))
#53 C:\\Users\\zaida\\Downloads\\login-register-crud-laravel-10-main\\login-register-crud-laravel-10-main\\vendor\\laravel\\framework\\src\\Illuminate\\Pipeline\\Pipeline.php(180): Illuminate\\Foundation\\Http\\Middleware\\ValidatePostSize->handle(Object(Illuminate\\Http\\Request), Object(Closure))
#54 C:\\Users\\zaida\\Downloads\\login-register-crud-laravel-10-main\\login-register-crud-laravel-10-main\\vendor\\laravel\\framework\\src\\Illuminate\\Foundation\\Http\\Middleware\\PreventRequestsDuringMaintenance.php(86): Illuminate\\Pipeline\\Pipeline->Illuminate\\Pipeline\\{closure}(Object(Illuminate\\Http\\Request))
#55 C:\\Users\\zaida\\Downloads\\login-register-crud-laravel-10-main\\login-register-crud-laravel-10-main\\vendor\\laravel\\framework\\src\\Illuminate\\Pipeline\\Pipeline.php(180): Illuminate\\Foundation\\Http\\Middleware\\PreventRequestsDuringMaintenance->handle(Object(Illuminate\\Http\\Request), Object(Closure))
#56 C:\\Users\\zaida\\Downloads\\login-register-crud-laravel-10-main\\login-register-crud-laravel-10-main\\vendor\\laravel\\framework\\src\\Illuminate\\Http\\Middleware\\HandleCors.php(49): Illuminate\\Pipeline\\Pipeline->Illuminate\\Pipeline\\{closure}(Object(Illuminate\\Http\\Request))
#57 C:\\Users\\zaida\\Downloads\\login-register-crud-laravel-10-main\\login-register-crud-laravel-10-main\\vendor\\laravel\\framework\\src\\Illuminate\\Pipeline\\Pipeline.php(180): Illuminate\\Http\\Middleware\\HandleCors->handle(Object(Illuminate\\Http\\Request), Object(Closure))
#58 C:\\Users\\zaida\\Downloads\\login-register-crud-laravel-10-main\\login-register-crud-laravel-10-main\\vendor\\laravel\\framework\\src\\Illuminate\\Http\\Middleware\\TrustProxies.php(39): Illuminate\\Pipeline\\Pipeline->Illuminate\\Pipeline\\{closure}(Object(Illuminate\\Http\\Request))
#59 C:\\Users\\zaida\\Downloads\\login-register-crud-laravel-10-main\\login-register-crud-laravel-10-main\\vendor\\laravel\\framework\\src\\Illuminate\\Pipeline\\Pipeline.php(180): Illuminate\\Http\\Middleware\\TrustProxies->handle(Object(Illuminate\\Http\\Request), Object(Closure))
#60 C:\\Users\\zaida\\Downloads\\login-register-crud-laravel-10-main\\login-register-crud-laravel-10-main\\vendor\\laravel\\framework\\src\\Illuminate\\Pipeline\\Pipeline.php(116): Illuminate\\Pipeline\\Pipeline->Illuminate\\Pipeline\\{closure}(Object(Illuminate\\Http\\Request))
#61 C:\\Users\\zaida\\Downloads\\login-register-crud-laravel-10-main\\login-register-crud-laravel-10-main\\vendor\\laravel\\framework\\src\\Illuminate\\Foundation\\Http\\Kernel.php(175): Illuminate\\Pipeline\\Pipeline->then(Object(Closure))
#62 C:\\Users\\zaida\\Downloads\\login-register-crud-laravel-10-main\\login-register-crud-laravel-10-main\\vendor\\laravel\\framework\\src\\Illuminate\\Foundation\\Http\\Kernel.php(144): Illuminate\\Foundation\\Http\\Kernel->sendRequestThroughRouter(Object(Illuminate\\Http\\Request))
#63 C:\\Users\\zaida\\Downloads\\login-register-crud-laravel-10-main\\login-register-crud-laravel-10-main\\public\\index.php(51): Illuminate\\Foundation\\Http\\Kernel->handle(Object(Illuminate\\Http\\Request))
#64 C:\\Users\\zaida\\Downloads\\login-register-crud-laravel-10-main\\login-register-crud-laravel-10-main\\vendor\\laravel\\framework\\src\\Illuminate\\Foundation\\resources\\server.php(16): require_once('C:\\\\Users\\\\zaida\\\\...')
#65 {main}
"} 
